app/build/outputs/mapping/release/seeds.txt
firstmob.firstbank.com.firstagent.ActivateAgent
firstmob.firstbank.com.firstagent.ActivateAgent: ActivateAgent()
firstmob.firstbank.com.firstagent.ActivateAgent: void onClick(android.view.View)
firstmob.firstbank.com.firstagent.ActivateSecrQn
firstmob.firstbank.com.firstagent.ActivateSecrQn: ActivateSecrQn()
firstmob.firstbank.com.firstagent.ActivateSecrQn: void onClick(android.view.View)
firstmob.firstbank.com.firstagent.AdActivity
firstmob.firstbank.com.firstagent.AdActivity: AdActivity()
firstmob.firstbank.com.firstagent.AdActivity: void onClick(android.view.View)
firstmob.firstbank.com.firstagent.AddProdActivity
firstmob.firstbank.com.firstagent.AddProdActivity: AddProdActivity()
firstmob.firstbank.com.firstagent.AddProdActivity: void onClick(android.view.View)
firstmob.firstbank.com.firstagent.ApplicationClass
firstmob.firstbank.com.firstagent.ApplicationClass: ApplicationClass()
firstmob.firstbank.com.firstagent.ChangeAcNameActivity
firstmob.firstbank.com.firstagent.ChangeAcNameActivity: ChangeAcNameActivity()
firstmob.firstbank.com.firstagent.ChatActivity
firstmob.firstbank.com.firstagent.ChatActivity: ChatActivity()
firstmob.firstbank.com.firstagent.ConfirmMovie
firstmob.firstbank.com.firstagent.ConfirmMovie: ConfirmMovie()
firstmob.firstbank.com.firstagent.ConfirmMovie: void onClick(android.view.View)
firstmob.firstbank.com.firstagent.ContactInfo
firstmob.firstbank.com.firstagent.ContactInfo: ContactInfo()
firstmob.firstbank.com.firstagent.EnterAcCode
firstmob.firstbank.com.firstagent.EnterAcCode: EnterAcCode()
firstmob.firstbank.com.firstagent.EnterAcCode: void onClick(android.view.View)
firstmob.firstbank.com.firstagent.FAQAct
firstmob.firstbank.com.firstagent.FAQAct: FAQAct()
firstmob.firstbank.com.firstagent.FMobActivity
firstmob.firstbank.com.firstagent.FMobActivity: FMobActivity()
firstmob.firstbank.com.firstagent.FMobActivity: void onClick(android.view.View)
firstmob.firstbank.com.firstagent.FingerprintAuthenticationDialogFragment$Stage: firstmob.firstbank.com.firstagent.FingerprintAuthenticationDialogFragment$Stage[] values()
firstmob.firstbank.com.firstagent.FingerprintAuthenticationDialogFragment$Stage: firstmob.firstbank.com.firstagent.FingerprintAuthenticationDialogFragment$Stage valueOf(java.lang.String)
firstmob.firstbank.com.firstagent.ForceChangePin
firstmob.firstbank.com.firstagent.ForceChangePin: ForceChangePin()
firstmob.firstbank.com.firstagent.ForceChangePin: void onClick(android.view.View)
firstmob.firstbank.com.firstagent.ForgotPIN
firstmob.firstbank.com.firstagent.ForgotPIN: ForgotPIN()
firstmob.firstbank.com.firstagent.ForgotPIN: void onClick(android.view.View)
firstmob.firstbank.com.firstagent.FormActivity
firstmob.firstbank.com.firstagent.FormActivity: FormActivity()
firstmob.firstbank.com.firstagent.FragmentDrawer
firstmob.firstbank.com.firstagent.FragmentDrawer: FragmentDrawer()
firstmob.firstbank.com.firstagent.GetHelpActivity
firstmob.firstbank.com.firstagent.GetHelpActivity: GetHelpActivity()
firstmob.firstbank.com.firstagent.HomeActivity
firstmob.firstbank.com.firstagent.HomeActivity: HomeActivity()
firstmob.firstbank.com.firstagent.InboxActivity
firstmob.firstbank.com.firstagent.InboxActivity: InboxActivity()
firstmob.firstbank.com.firstagent.IndivChartActivity
firstmob.firstbank.com.firstagent.IndivChartActivity: IndivChartActivity()
firstmob.firstbank.com.firstagent.IndivChartActivity: void onClick(android.view.View)
firstmob.firstbank.com.firstagent.LifeStyle
firstmob.firstbank.com.firstagent.LifeStyle: LifeStyle()
firstmob.firstbank.com.firstagent.MainActivity
firstmob.firstbank.com.firstagent.MainActivity: MainActivity()
firstmob.firstbank.com.firstagent.MapHostActivity
firstmob.firstbank.com.firstagent.MapHostActivity: MapHostActivity()
firstmob.firstbank.com.firstagent.MobileLogin: void onClick(android.view.View)
...
com.andrognito.pinlockview.R$dimen: int abc_action_bar_content_inset_material
com.andrognito.pinlockview.R$dimen: int abc_action_bar_default_height_material
com.andrognito.pinlockview.R$dimen: int abc_action_bar_default_padding_end_material
com.andrognito.pinlockview.R$dimen: int abc_action_bar_default_padding_start_material
com.andrognito.pinlockview.R$dimen: int abc_action_bar_icon_vertical_padding_material
com.andrognito.pinlockview.R$dimen: int abc_action_bar_overflow_padding_end_material
com.andrognito.pinlockview.R$dimen: int abc_action_bar_overflow_padding_start_material
com.andrognito.pinlockview.R$dimen: int abc_action_bar_progress_bar_size
com.andrognito.pinlockview.R$dimen: int abc_action_bar_stacked_max_height
com.andrognito.pinlockview.R$dimen: int abc_action_bar_stacked_tab_max_width
com.andrognito.pinlockview.R$dimen: int abc_action_bar_subtitle_bottom_margin_material
com.andrognito.pinlockview.R$dimen: int abc_action_bar_subtitle_top_margin_material
com.andrognito.pinlockview.R$dimen: int abc_action_button_min_height_material
com.andrognito.pinlockview.R$dimen: int abc_action_button_min_width_material
com.andrognito.pinlockview.R$dimen: int abc_action_button_min_width_overflow_material
com.andrognito.pinlockview.R$dimen: int abc_alert_dialog_button_bar_height
com.andrognito.pinlockview.R$dimen: int abc_button_inset_horizontal_material
com.andrognito.pinlockview.R$dimen: int abc_button_inset_vertical_material
com.andrognito.pinlockview.R$drawable: int abc_ab_share_pack_mtrl_alpha
com.andrognito.pinlockview.R$drawable: int abc_action_bar_item_background_material
com.andrognito.pinlockview.R$drawable: int abc_btn_borderless_material
com.andrognito.pinlockview.R$drawable: int abc_btn_check_material
com.andrognito.pinlockview.R$drawable: int abc_btn_check_to_on_mtrl_000
com.andrognito.pinlockview.R$drawable: int abc_btn_check_to_on_mtrl_015
com.andrognito.pinlockview.R$drawable: int abc_btn_colored_material
com.andrognito.pinlockview.R$drawable: int abc_btn_default_mtrl_shape
com.andrognito.pinlockview.R$drawable: int abc_btn_radio_material
com.andrognito.pinlockview.R$drawable: int abc_btn_radio_to_on_mtrl_000
com.andrognito.pinlockview.R$drawable: int abc_btn_radio_to_on_mtrl_015
com.andrognito.pinlockview.R$drawable: int abc_btn_switch_to_on_mtrl_00001
com.andrognito.pinlockview.R$drawable: int abc_btn_switch_to_on_mtrl_00012
com.andrognito.pinlockview.R$drawable: int abc_cab_background_internal_bg
com.andrognito.pinlockview.R$drawable: int abc_cab_background_top_material
com.andrognito.pinlockview.R$drawable: int abc_cab_background_top_mtrl_alpha
com.andrognito.pinlockview.R$drawable: int abc_control_background_material
com.andrognito.pinlockview.R$drawable: int abc_edit_text_material
com.andrognito.pinlockview.R$drawable: int abc_ic_commit_search_api_mtrl_alpha
com.andrognito.pinlockview.R$drawable: int abc_ic_menu_copy_mtrl_am_alpha