app/build/outputs/mapping/release/mapping.txt
firstmob.firstbank.com.firstagent.AES -> firstmob.firstbank.com.firstagent.a:
    javax.crypto.Cipher cipher -> a
    javax.crypto.spec.SecretKeySpec secretKey -> b
    byte[] key -> c
    void <init>(java.lang.String) -> <init>
    void <init>() -> <init>
    java.lang.String encrypt(byte[]) -> a
firstmob.firstbank.com.firstagent.ActivateAgent -> firstmob.firstbank.com.firstagent.ActivateAgent:
    android.widget.Button btnnext -> n
    android.widget.EditText agentid -> o
    android.widget.EditText agentpin -> p
    android.widget.EditText phonenumber -> q
    cn.pedant.SweetAlert.SweetAlertDialog pDialog -> r
    firstmob.firstbank.com.firstagent.SessionManagement session -> s
    java.lang.String regId -> t
    java.lang.String encrypted -> u
    int REQUEST_CODE_ASK_MULTIPLE_PERMISSIONS -> v
    void <init>() -> <init>
    void onCreate(android.os.Bundle) -> onCreate
    void attachBaseContext(android.content.Context) -> attachBaseContext
    void checkPlayServices() -> j
    void registerInBackground() -> k
    void onClick(android.view.View) -> onClick
    void insertDummyContactWrapper() -> l
    boolean addPermission(java.util.List,java.lang.String) -> a
    void showMessageOKCancel(java.lang.String,android.content.DialogInterface$OnClickListener) -> a
    void onRequestPermissionsResult(int,java.lang.String[],int[]) -> onRequestPermissionsResult
    void invokeAgent(java.lang.String) -> a
    void access$000(firstmob.firstbank.com.firstagent.ActivateAgent,java.lang.String) -> a
firstmob.firstbank.com.firstagent.ActivateAgent$1 -> firstmob.firstbank.com.firstagent.ActivateAgent$1:
    firstmob.firstbank.com.firstagent.ActivateAgent this$0 -> a
    void <init>(firstmob.firstbank.com.firstagent.ActivateAgent) -> <init>
    java.lang.String doInBackground(java.lang.Void[]) -> a
    void onPostExecute(java.lang.String) -> a
    void onPostExecute(java.lang.Object) -> onPostExecute
    java.lang.Object doInBackground(java.lang.Object[]) -> doInBackground
firstmob.firstbank.com.firstagent.ActivateAgent$2 -> firstmob.firstbank.com.firstagent.ActivateAgent$2:
    java.util.List val$permissionsList -> a
    firstmob.firstbank.com.firstagent.ActivateAgent this$0 -> b
    void <init>(firstmob.firstbank.com.firstagent.ActivateAgent,java.util.List) -> <init>
    void onClick(android.content.DialogInterface,int) -> onClick
firstmob.firstbank.com.firstagent.ActivateAgent$3 -> firstmob.firstbank.com.firstagent.ActivateAgent$3:
    firstmob.firstbank.com.firstagent.ActivateAgent this$0 -> a
    void <init>(firstmob.firstbank.com.firstagent.ActivateAgent) -> <init>
    void onSuccess(java.lang.String) -> a
    void onFailure(int,java.lang.Throwable,java.lang.String) -> a
firstmob.firstbank.com.firstagent.ActivateSecrQn -> firstmob.firstbank.com.firstagent.ActivateSecrQn:
    android.widget.Button btnnext -> n
    java.lang.String agid -> o
    java.lang.String agpin -> p
    java.lang.String agphn -> q
    com.google.android.gms.gcm.GoogleCloudMessaging gcmObj -> r
    java.lang.String regId -> s
    firstmob.firstbank.com.firstagent.SessionManagement session -> t
    android.app.ProgressDialog prgDialog2 -> u
    cn.pedant.SweetAlert.SweetAlertDialog pDialog -> v
    void <init>() -> <init>
    void onCreate(android.os.Bundle) -> onCreate
    void attachBaseContext(android.content.Context) -> attachBaseContext
    void registerInBackground() -> j
    void onClick(android.view.View) -> onClick
firstmob.firstbank.com.firstagent.ActivateSecrQn$1 -> firstmob.firstbank.com.firstagent.ActivateSecrQn$1:
    firstmob.firstbank.com.firstagent.ActivateSecrQn this$0 -> a
    void <init>(firstmob.firstbank.com.firstagent.ActivateSecrQn) -> <init>
    java.lang.String doInBackground(java.lang.Void[]) -> a
    void onPostExecute(java.lang.String) -> a
    void onPostExecute(java.lang.Object) -> onPostExecute
    java.lang.Object doInBackground(java.lang.Object[]) -> doInBackground
...
android.support.v4.view.accessibility.AccessibilityNodeInfoCompatApi21 -> android.support.v4.view.a.f:
    boolean removeAction(java.lang.Object,java.lang.Object) -> a
    java.lang.Object obtainCollectionInfo(int,int,boolean,int) -> a
    java.lang.Object obtainCollectionItemInfo(int,int,int,int,boolean,boolean) -> a
    void setError(java.lang.Object,java.lang.CharSequence) -> a
    java.lang.Object newAccessibilityAction(int,java.lang.CharSequence) -> a
android.support.v4.view.accessibility.AccessibilityNodeInfoCompatApi23 -> android.support.v4.view.a.g:
    java.lang.Object getActionScrollToPosition() -> a
    java.lang.Object getActionShowOnScreen() -> b
    java.lang.Object getActionScrollUp() -> c
    java.lang.Object getActionScrollDown() -> d
    java.lang.Object getActionScrollLeft() -> e
    java.lang.Object getActionScrollRight() -> f
    java.lang.Object getActionContextClick() -> g
android.support.v4.view.accessibility.AccessibilityNodeInfoCompatApi24 -> android.support.v4.view.a.h:
    java.lang.Object getActionSetProgress() -> a
android.support.v4.view.accessibility.AccessibilityNodeInfoCompatIcs -> android.support.v4.view.a.i:
    java.lang.Object obtain() -> a
    java.lang.Object obtain(android.view.View) -> a
    java.lang.Object obtain(java.lang.Object) -> a
    void addAction(java.lang.Object,int) -> a
    void addChild(java.lang.Object,android.view.View) -> a
    int getActions(java.lang.Object) -> b
    void getBoundsInParent(java.lang.Object,android.graphics.Rect) -> a
    void getBoundsInScreen(java.lang.Object,android.graphics.Rect) -> b
    int getChildCount(java.lang.Object) -> c
    java.lang.CharSequence getClassName(java.lang.Object) -> d
    java.lang.CharSequence getContentDescription(java.lang.Object) -> e
    java.lang.CharSequence getPackageName(java.lang.Object) -> f
    java.lang.CharSequence getText(java.lang.Object) -> g
    boolean isCheckable(java.lang.Object) -> h
    boolean isChecked(java.lang.Object) -> i
    boolean isClickable(java.lang.Object) -> j
    boolean isEnabled(java.lang.Object) -> k
    boolean isFocusable(java.lang.Object) -> l
    boolean isFocused(java.lang.Object) -> m
    boolean isLongClickable(java.lang.Object) -> n
    boolean isPassword(java.lang.Object) -> o
    boolean isScrollable(java.lang.Object) -> p
    boolean isSelected(java.lang.Object) -> q
    void setBoundsInParent(java.lang.Object,android.graphics.Rect) -> c
    void setBoundsInScreen(java.lang.Object,android.graphics.Rect) -> d
    void setCheckable(java.lang.Object,boolean) -> a
android.support.v4.view.accessibility.AccessibilityNodeInfoCompatJellyBean -> android.support.v4.view.a.j:
    void addChild(java.lang.Object,android.view.View,int) -> a
    void setSource(java.lang.Object,android.view.View,int) -> b
    boolean isVisibleToUser(java.lang.Object) -> a
    void setVisibleToUser(java.lang.Object,boolean) -> a
    void setParent(java.lang.Object,android.view.View,int) -> c
    boolean isAccessibilityFocused(java.lang.Object) -> b
    void setAccesibilityFocused(java.lang.Object,boolean) -> b
android.support.v4.view.accessibility.AccessibilityNodeInfoCompatJellybeanMr1 -> android.support.v4.view.a.k:
    void setLabelFor(java.lang.Object,android.view.View) -> a
android.support.v4.view.accessibility.AccessibilityNodeInfoCompatJellybeanMr2 -> android.support.v4.view.a.l:
    java.lang.String getViewIdResourceName(java.lang.Object) -> a
android.support.v4.view.accessibility.AccessibilityNodeInfoCompatKitKat -> android.support.v4.view.a.m:
    void setCollectionInfo(java.lang.Object,java.lang.Object) -> a
    void setCollectionItemInfo(java.lang.Object,java.lang.Object) -> b
    java.lang.Object obtainCollectionInfo(int,int,boolean,int) -> a
    java.lang.Object obtainCollectionItemInfo(int,int,int,int,boolean) -> a
    void setContentInvalid(java.lang.Object,boolean) -> a