app/build/outputs/mapping/release/usage.txt
firstmob.firstbank.com.firstagent.AES:
    private static javax.crypto.spec.SecretKeySpec appkey
    24:39:public AES(byte[])
    92:97:public java.lang.String decrypt(java.lang.String)
firstmob.firstbank.com.firstagent.AESTest
firstmob.firstbank.com.firstagent.ATMMap
firstmob.firstbank.com.firstagent.ATMMap$1
firstmob.firstbank.com.firstagent.ActivateAgent:
    com.google.android.gms.gcm.GoogleCloudMessaging gcmObj
    394:397:public void ClearFields()
    540:616:public void testResp()
firstmob.firstbank.com.firstagent.ActivateSecrQn:
    android.app.ProgressDialog prgDialog
firstmob.firstbank.com.firstagent.ActivitiesFrag:
    android.app.ProgressDialog prgDialog
    firstmob.firstbank.com.firstagent.SessionManagement session
    107:107:public void StartChartAct(int)
firstmob.firstbank.com.firstagent.AdActivity:
    java.lang.String agid
    public static final java.lang.String SHAREDPREFFILE
    public static final java.lang.String USERIDPREF
    public static final java.lang.String TOKENPREF
    454:587:private void invokeAds()
firstmob.firstbank.com.firstagent.AdActivity$3
firstmob.firstbank.com.firstagent.AdActivity$DownloadImg
firstmob.firstbank.com.firstagent.AddProdActivity:
    private android.widget.TextView emptyView
    33:33:public void StartChartAct(int)
firstmob.firstbank.com.firstagent.AddStore
firstmob.firstbank.com.firstagent.AddUser
firstmob.firstbank.com.firstagent.AddUser$1
firstmob.firstbank.com.firstagent.AgentTopUp:
    android.widget.ImageView imageView1
    com.toptoche.searchablespinnerlibrary.SearchableSpinner sp5
    com.toptoche.searchablespinnerlibrary.SearchableSpinner sp7
firstmob.firstbank.com.firstagent.AirtimeTransf:
    android.widget.EditText amon
    android.widget.EditText edacc
    android.widget.EditText pno
    android.widget.EditText txtnarr
    android.widget.Spinner sp5
    android.widget.Spinner sp7
    adapter.TopFavAdapter FavAdapt
    android.widget.TextView tx
    android.support.v7.widget.LinearLayoutManager layoutManager
    java.lang.String telcochosen
    168:168:public void StartChartAct(int)
    266:272:public void Pop()
    277:332:public void SetPop()
firstmob.firstbank.com.firstagent.AirtimeTransf$1:
    287:287:AirtimeTransf$1(firstmob.firstbank.com.firstagent.AirtimeTransf)
firstmob.firstbank.com.firstagent.AirtimeTransf$ClickListener
firstmob.firstbank.com.firstagent.AirtimeTransf$RecyclerTouchListener
firstmob.firstbank.com.firstagent.AirtimeTransf$RecyclerTouchListener$1
firstmob.firstbank.com.firstagent.AlertDialogManager
firstmob.firstbank.com.firstagent.ApplicationConstants:
    public static final java.lang.String APP_SERVER_URL
    public static final java.lang.String NET_URL
    public static final java.lang.String UNENC_URL
    public static final java.lang.String GOOGLE_PROJ_ID
    public static final java.lang.String MSG_KEY
    public static final java.lang.String TOPIC_KEY
    public static final java.lang.String URL_KEY
    public static final java.lang.String MERCH_ENPOINT
    public static final java.lang.String AND_ENPOINT
    public static final java.lang.String CH_KEY
    public static final java.lang.String KKEY
    public static final java.lang.String APP_ID
    public static final java.lang.String APP_OUTSIDEID
firstmob.firstbank.com.firstagent.AthleticsFeed
firstmob.firstbank.com.firstagent.AthleticsFeed$1
firstmob.firstbank.com.firstagent.AthleticsFeed$fetchnews
firstmob.firstbank.com.firstagent.AthleticsFeed$fetchnews$1
firstmob.firstbank.com.firstagent.BackPressImpl
firstmob.firstbank.com.firstagent.BankInfo
firstmob.firstbank.com.firstagent.BankInfo$1
firstmob.firstbank.com.firstagent.BankInfo$2
firstmob.firstbank.com.firstagent.BankInfo$3
firstmob.firstbank.com.firstagent.BankInfo$ClickListener
firstmob.firstbank.com.firstagent.BankInfo$RecyclerTouchListener
firstmob.firstbank.com.firstagent.BankInfo$RecyclerTouchListener$1
...
android.support.annotation.RestrictTo$Scope
android.support.annotation.Size
android.support.annotation.StringDef
android.support.annotation.StringRes
android.support.annotation.StyleRes
android.support.annotation.StyleableRes
android.support.annotation.TransitionRes
android.support.annotation.UiThread
android.support.annotation.VisibleForTesting
android.support.annotation.WorkerThread
android.support.annotation.XmlRes
android.support.compat.BuildConfig
android.support.compat.R
android.support.coreui.BuildConfig
android.support.coreui.R
android.support.coreutils.BuildConfig
android.support.coreutils.R
android.support.design.BuildConfig
android.support.design.R:
    9:9:public R()
android.support.design.R$anim:
    10:10:public R$anim()
android.support.design.R$animator
android.support.design.R$attr:
    31:31:public R$attr()
android.support.design.R$bool
android.support.design.R$color:
    354:354:public R$color()
android.support.design.R$dimen:
    451:451:public R$dimen()
android.support.design.R$drawable:
    592:592:public R$drawable()
android.support.design.R$id:
    704:704:public R$id()
android.support.design.R$integer:
    858:858:public R$integer()
android.support.design.R$layout:
    869:869:public R$layout()
android.support.design.R$string:
    931:931:public R$string()
android.support.design.R$style:
    974:974:public R$style()
android.support.design.R$styleable:
    1354:1354:public R$styleable()
android.support.design.internal.BottomNavigationAnimationHelperBase
android.support.design.internal.BottomNavigationAnimationHelperIcs
android.support.design.internal.BottomNavigationItemView
android.support.design.internal.BottomNavigationMenu
android.support.design.internal.BottomNavigationMenuView
android.support.design.internal.BottomNavigationMenuView$1
android.support.design.internal.BottomNavigationPresenter
android.support.design.internal.BottomNavigationPresenter$SavedState
android.support.design.internal.BottomNavigationPresenter$SavedState$1
android.support.design.internal.NavigationMenu
android.support.design.internal.NavigationMenuItemView:
    148:152:public void recycle()
    205:205:public void setShortcut(boolean,char)
    236:236:public boolean showsIcon()
android.support.design.internal.NavigationMenuPresenter
android.support.design.internal.NavigationMenuPresenter$1
android.support.design.internal.NavigationMenuPresenter$HeaderViewHolder
android.support.design.internal.NavigationMenuPresenter$NavigationMenuAdapter
android.support.design.internal.NavigationMenuPresenter$NavigationMenuHeaderItem
android.support.design.internal.NavigationMenuPresenter$NavigationMenuItem
android.support.design.internal.NavigationMenuPresenter$NavigationMenuSeparatorItem
android.support.design.internal.NavigationMenuPresenter$NavigationMenuTextItem
android.support.design.internal.NavigationMenuPresenter$NormalViewHolder
android.support.design.internal.NavigationMenuPresenter$SeparatorViewHolder
android.support.design.internal.NavigationMenuPresenter$SubheaderViewHolder
android.support.design.internal.NavigationMenuPresenter$ViewHolder
android.support.design.internal.NavigationSubMenu
android.support.design.internal.ParcelableSparseArray
android.support.design.internal.ParcelableSparseArray$1
android.support.design.internal.ScrimInsetsFrameLayout
android.support.design.internal.ScrimInsetsFrameLayout$1
android.support.design.internal.TextScale
android.support.design.internal.TextScale$1
android.support.design.internal.package-info
android.support.design.widget.AnimationUtils:
    27:46:AnimationUtils()